<?xml version="1.0" encoding="UTF-8"?>
<!-- Generated by org.testng.reporters.JUnitReportReporter -->
<testsuite hostname="User" name="com.qa.tests.HomePageTest" tests="4" failures="0" timestamp="12 Oct 2018 13:28:00 GMT" time="78.794" errors="0">
  <testcase name="TitleTest" time="17.130" classname="com.qa.tests.HomePageTest"/>
  <testcase name="logoutTest" time="28.982" classname="com.qa.tests.HomePageTest"/>
  <testcase name="UsersTest" time="13.604" classname="com.qa.tests.HomePageTest"/>
  <testcase name="DashboardTest" time="19.078" classname="com.qa.tests.HomePageTest"/>
</testsuite> <!-- com.qa.tests.HomePageTest -->
