<?xml version="1.0" encoding="UTF-8"?>
<!-- Generated by org.testng.reporters.JUnitReportReporter -->
<testsuite hostname="User" name="com.qa.tests.Admintest" tests="2" failures="0" timestamp="30 Oct 2018 17:36:26 GMT" time="22.898" errors="0">
  <testcase name="loginTest" time="13.293" classname="com.qa.tests.Admintest"/>
  <testcase name="loginIsdisplayedTest" time="9.605" classname="com.qa.tests.Admintest"/>
</testsuite> <!-- com.qa.tests.Admintest -->
