<?xml version="1.0" encoding="UTF-8"?>
<!-- Generated by org.testng.reporters.JUnitReportReporter -->
<testsuite hostname="User" name="com.qa.tests.usersPageTest" tests="2" failures="0" timestamp="12 Oct 2018 13:28:00 GMT" time="60.880" errors="0">
  <testcase name="AddusersTest" time="48.777" classname="com.qa.tests.usersPageTest"/>
  <testcase name="UsersAPgeTitletest" time="12.103" classname="com.qa.tests.usersPageTest"/>
</testsuite> <!-- com.qa.tests.usersPageTest -->
